#
# There is insufficient memory for the Java Runtime Environment to continue.
# Native memory allocation (mmap) failed to map 134217728 bytes for G1 virtual space
# Possible reasons:
#   The system is out of physical RAM or swap space
#   The process is running with CompressedOops enabled, and the Java Heap may be blocking the growth of the native heap
# Possible solutions:
#   Reduce memory load on the system
#   Increase physical memory or swap space
#   Check if swap backing store is full
#   Decrease Java heap size (-Xmx/-Xms)
#   Decrease number of Java threads
#   Decrease Java thread stack sizes (-Xss)
#   Set larger code cache with -XX:ReservedCodeCacheSize=
#   JVM is running with Unscaled Compressed Oops mode in which the Java heap is
#     placed in the first 4GB address space. The Java Heap base address is the
#     maximum limit for the native heap growth. Please use -XX:HeapBaseMinAddress
#     to set the Java Heap base and to place the Java Heap above 4GB virtual address.
# This output file may be truncated or incomplete.
#
#  Out of Memory Error (os_windows.cpp:3466), pid=7208, tid=6044
#
# JRE version:  (16.0.1+9) (build )
# Java VM: Java HotSpot(TM) 64-Bit Server VM (16.0.1+9-24, mixed mode, sharing, tiered, compressed oops, compressed class ptrs, g1 gc, windows-amd64)
# No core dump will be written. Minidumps are not enabled by default on client versions of Windows
#

---------------  S U M M A R Y ------------

Command Line: -javaagent:C:\Program Files\JetBrains\IntelliJ IDEA 2021.1.1\lib\idea_rt.jar=61740:C:\Program Files\JetBrains\IntelliJ IDEA 2021.1.1\bin -Dfile.encoding=UTF-8 Restaurant

Host: Intel(R) Core(TM) i5-4590S CPU @ 3.00GHz, 4 cores, 7G,  Windows 10 , 64 bit Build 19041 (10.0.19041.546)
Time: Thu Jun 24 20:34:49 2021 Közép-európai nyári iduild 19041 (10.0.19041.546) elapsed time: 0.023197 seconds (0d 0h 0m 0s)

---------------  T H R E A D  ---------------

Current thread (0x000002327fafa3e0):  JavaThread "Unknown thread" [_thread_in_vm, id=6044, stack(0x000000ea8d800000,0x000000ea8d900000)]

Stack: [0x000000ea8d800000,0x000000ea8d900000]
Native frames: (J=compiled Java code, j=interpreted, Vv=VM code, C=native code)
V  [jvm.dll+0x6687ca]
V  [jvm.dll+0x7ca3c9]
V  [jvm.dll+0x7cbb53]
V  [jvm.dll+0x7cc1b3]
V  [jvm.dll+0x242ea5]
V  [jvm.dll+0x665589]
V  [jvm.dll+0x65a175]
V  [jvm.dll+0x2fc5ab]
V  [jvm.dll+0x3037a6]
V  [jvm.dll+0x352fee]
V  [jvm.dll+0x35321f]
V  [jvm.dll+0x2d3618]
V  [jvm.dll+0x2d4854]
V  [jvm.dll+0x79ccb1]
V  [jvm.dll+0x360de1]
V  [jvm.dll+0x77a990]
V  [jvm.dll+0x3e55af]
V  [jvm.dll+0x3e7081]
C  [jli.dll+0x52fb]
C  [ucrtbase.dll+0x214c2]
C  [KERNEL32.DLL+0x17034]
C  [ntdll.dll+0x4cec1]


---------------  P R O C E S S  ---------------

Threads class SMR info:
_java_thread_list=0x00007ff826a4cbb8, length=0, elements={
}

Java Threads: ( => current thread )

Other Threads:
  0x000002327fb39e90 GCTaskThread "GC Thread#0" [stack: 0x000000ea8d900000,0x000000ea8da00000] [id=6048]
  0x000002327fb4aaa0 ConcurrentGCThread "G1 Main Marker" [stack: 0x000000ea8da00000,0x000000ea8db00000] [id=12616]
  0x000002327fb4cfd0 ConcurrentGCThread "G1 Conc#0" [stack: 0x000000ea8db00000,0x000000ea8dc00000] [id=1672]

[error occurred during error reporting (printing all threads), id 0xc0000005, EXCEPTION_ACCESS_VIOLATION (0xc0000005) at pc=0x00007ff8262244d7]

VM state: not at safepoint (not fully initialized)

VM Mutex/Monitor currently owned by a thread:  ([mutex/lock_event])
[0x000002327faf70d0] Heap_lock - owner thread: 0x000002327fafa3e0

Heap address: 0x0000000081a00000, size: 2022 MB, Compressed Oops mode: 32-bit

CDS archive(s) mapped at: [0x0000000000000000-0x0000000000000000-0x0000000000000000), size 0, SharedBaseAddress: 0x0000000800000000, ArchiveRelocationMode: 0.
Narrow klass base: 0x0000000000000000, Narrow klass shift: 0, Narrow klass range: 0x0

GC Precious Log:
<Empty>

Heap:
 garbage-first heap   total 0K, used 0K [0x0000000081a00000, 0x0000000100000000)
  region size 1024K, 0 young (0K), 0 survivors (0K)

[error occurred during error reporting (printing heap information), id 0xc0000005, EXCEPTION_ACCESS_VIOLATION (0xc0000005) at pc=0x00007ff8266024ed]

GC Heap History (0 events):
No events

Deoptimization events (0 events):
No events

Classes unloaded (0 events):
No events

Classes redefined (0 events):
No events

Internal exceptions (0 events):
No events

Events (1 events):
Event: 0.014 Loaded shared library C:\Program Files\Java\jdk-16.0.1\bin\java.dll


Dynamic libraries:
0x00007ff6a5900000 - 0x00007ff6a5910000 	C:\Program Files\Java\jdk-16.0.1\bin\java.exe
0x00007ff883cd0000 - 0x00007ff883ec6000 	C:\WINDOWS\SYSTEM32\ntdll.dll
0x00007ff883bd0000 - 0x00007ff883c8d000 	C:\WINDOWS\System32\KERNEL32.DLL
0x00007ff8817f0000 - 0x00007ff881ab8000 	C:\WINDOWS\System32\KERNELBASE.dll
0x00007ff881410000 - 0x00007ff881510000 	C:\WINDOWS\System32\ucrtbase.dll
0x00007ff877480000 - 0x00007ff877499000 	C:\Program Files\Java\jdk-16.0.1\bin\VCRUNTIME140.dll
0x00007ff875490000 - 0x00007ff8754a8000 	C:\Program Files\Java\jdk-16.0.1\bin\jli.dll
0x00007ff8828f0000 - 0x00007ff88299c000 	C:\WINDOWS\System32\ADVAPI32.dll
0x00007ff882da0000 - 0x00007ff882e3e000 	C:\WINDOWS\System32\msvcrt.dll
0x00007ff882a30000 - 0x00007ff882acb000 	C:\WINDOWS\System32\sechost.dll
0x00007ff882ba0000 - 0x00007ff882cc4000 	C:\WINDOWS\System32\RPCRT4.dll
0x00007ff883650000 - 0x00007ff8837f0000 	C:\WINDOWS\System32\USER32.dll
0x00007ff881c50000 - 0x00007ff881c72000 	C:\WINDOWS\System32\win32u.dll
0x00007ff883800000 - 0x00007ff88382a000 	C:\WINDOWS\System32\GDI32.dll
0x00007ff881ac0000 - 0x00007ff881bc9000 	C:\WINDOWS\System32\gdi32full.dll
0x00007ff881510000 - 0x00007ff8815ad000 	C:\WINDOWS\System32\msvcp_win.dll
0x00007ff868da0000 - 0x00007ff86903b000 	C:\WINDOWS\WinSxS\amd64_microsoft.windows.common-controls_6595b64144ccf1df_6.0.19041.488_none_ca04af081b815d21\COMCTL32.dll
0x00007ff87c370000 - 0x00007ff87c37a000 	C:\WINDOWS\SYSTEM32\VERSION.dll
0x00007ff883b40000 - 0x00007ff883b70000 	C:\WINDOWS\System32\IMM32.DLL
0x00007ff87cd00000 - 0x00007ff87cd0c000 	C:\Program Files\Java\jdk-16.0.1\bin\vcruntime140_1.dll
0x00007ff8624f0000 - 0x00007ff862581000 	C:\Program Files\Java\jdk-16.0.1\bin\msvcp140.dll
0x00007ff825f40000 - 0x00007ff826aeb000 	C:\Program Files\Java\jdk-16.0.1\bin\server\jvm.dll
0x00007ff882e50000 - 0x00007ff882e58000 	C:\WINDOWS\System32\PSAPI.DLL
0x00007ff86dcc0000 - 0x00007ff86dcc9000 	C:\WINDOWS\SYSTEM32\WSOCK32.dll
0x00007ff882cd0000 - 0x00007ff882d3b000 	C:\WINDOWS\System32\WS2_32.dll
0x00007ff87ed90000 - 0x00007ff87edb7000 	C:\WINDOWS\SYSTEM32\WINMM.dll
0x00007ff87f380000 - 0x00007ff87f392000 	C:\WINDOWS\SYSTEM32\kernel.appcore.dll
0x00007ff87c8d0000 - 0x00007ff87c8da000 	C:\Program Files\Java\jdk-16.0.1\bin\jimage.dll
0x00007ff878740000 - 0x00007ff878924000 	C:\WINDOWS\SYSTEM32\DBGHELP.DLL
0x00007ff8786f0000 - 0x00007ff87871c000 	C:\WINDOWS\SYSTEM32\dbgcore.DLL
0x00007ff881770000 - 0x00007ff8817ef000 	C:\WINDOWS\System32\bcryptPrimitives.dll
0x00007ff877810000 - 0x00007ff87781e000 	C:\Program Files\Java\jdk-16.0.1\bin\instrument.dll
0x00007ff874e30000 - 0x00007ff874e55000 	C:\Program Files\Java\jdk-16.0.1\bin\java.dll

dbghelp: loaded successfully - version: 4.0.5 - missing functions: none
symbol engine: initialized successfully - sym options: 0x614 - pdb path: .;C:\Program Files\Java\jdk-16.0.1\bin;C:\WINDOWS\SYSTEM32;C:\WINDOWS\WinSxS\amd64_microsoft.windows.common-controls_6595b64144ccf1df_6.0.19041.488_none_ca04af081b815d21;C:\Program Files\Java\jdk-16.0.1\bin\server

VM Arguments:
jvm_args: -javaagent:C:\Program Files\JetBrains\IntelliJ IDEA 2021.1.1\lib\idea_rt.jar=61740:C:\Program Files\JetBrains\IntelliJ IDEA 2021.1.1\bin -Dfile.encoding=UTF-8 
java_command: Restaurant
java_class_path (initial): C:\Users\PC\Documents\Java\Progmatic\RestaurantTeamWork\out\production\RestaurantTeamWork
Launcher Type: SUN_STANDARD

[Global flags]
     intx CICompilerCount                          = 3                                         {product} {ergonomic}
     uint ConcGCThreads                            = 1                                         {product} {ergonomic}
     uint G1ConcRefinementThreads                  = 4                                         {product} {ergonomic}
   size_t G1HeapRegionSize                         = 1048576                                   {product} {ergonomic}
    uintx GCDrainStackTargetSize                   = 64                                        {product} {ergonomic}
   size_t InitialHeapSize                          = 134217728                                 {product} {ergonomic}
   size_t MarkStackSize                            = 4194304                                   {product} {ergonomic}
   size_t MaxHeapSize                              = 2120220672                                {product} {ergonomic}
   size_t MinHeapDeltaBytes                        = 1048576                                   {product} {ergonomic}
   size_t MinHeapSize                              = 8388608                                   {product} {ergonomic}
    uintx NonNMethodCodeHeapSize                   = 5832780                                {pd product} {ergonomic}
    uintx NonProfiledCodeHeapSize                  = 122912730                              {pd product} {ergonomic}
    uintx ProfiledCodeHeapSize                     = 122912730                              {pd product} {ergonomic}
    uintx ReservedCodeCacheSize                    = 251658240                              {pd product} {ergonomic}
     bool SegmentedCodeCache                       = true                                      {product} {ergonomic}
   size_t SoftMaxHeapSize                          = 2120220672                             {manageable} {ergonomic}
     bool UseCompressedClassPointers               = true                           {product lp64_product} {ergonomic}
     bool UseCompressedOops                        = true                           {product lp64_product} {ergonomic}
     bool UseG1GC                                  = true                                      {product} {ergonomic}
     bool UseLargePagesIndividualAllocation        = false                                  {pd product} {ergonomic}

Logging:
Log output configuration:
 #0: stdout all=warning uptime,level,tags
 #1: stderr all=off uptime,level,tags

Environment Variables:
PATH=C:\Program Files\Common Files\Oracle\Java\javapath;C:\Program Files (x86)\Common Files\Oracle\Java\javapath;C:\WINDOWS\system32;C:\WINDOWS;C:\WINDOWS\System32\Wbem;C:\WINDOWS\System32\WindowsPowerShell\v1.0\;C:\WINDOWS\System32\OpenSSH\;C:\Program Files\Intel\WiFi\bin\;C:\Program Files\Common Files\Intel\WirelessCommon\;C:\Program Files\Git\cmd;C:\Users\PC\AppData\Local\Microsoft\WindowsApps;C:\Users\PC\AppData\Local\GitHubDesktop\bin;C:\Users\PC\AppData\Local\Programs\Microsoft VS Code\bin;C:\Program Files\JetBrains\PyCharm 2020.3.3\bin;;E:\IntelliJ IDEA Community Edition 2020.3.3\bin;;C:\Program Files\JetBrains\IntelliJ IDEA 2021.1.1\bin;
USERNAME=PC
OS=Windows_NT
PROCESSOR_IDENTIFIER=Intel64 Family 6 Model 60 Stepping 3, GenuineIntel



---------------  S Y S T E M  ---------------

OS:
 Windows 10 , 64 bit Build 19041 (10.0.19041.546)
OS uptime: 1 days 3:52 hours

CPU: total 4 (initial active 4) (4 cores per cpu, 1 threads per core) family 6 model 60 stepping 3 microcode 0x27, cx8, cmov, fxsr, mmx, sse, sse2, sse3, ssse3, sse4.1, sse4.2, popcnt, lzcnt, tsc, tscinvbit, avx, avx2, aes, erms, clmul, bmi1, bmi2, fma, vzeroupper, clflush

Memory: 4k page, system-wide physical 8082M (1499M free)
TotalPageFile size 11352M (AvailPageFile size 4M)
current process WorkingSet (physical memory assigned to process): 10M, peak: 10M
current process commit charge ("private bytes"): 51M, peak: 179M

vm_info: Java HotSpot(TM) 64-Bit Server VM (16.0.1+9-24) for windows-amd64 JRE (16.0.1+9-24), built on Mar 26 2021 19:31:42 by "mach5one" with MS VC++ 16.7 (VS2019)

END.
